<?xml version="1.0" encoding="UTF-8"?>
<!-- Generated by org.testng.reporters.JUnitReportReporter -->
<testsuite hostname="classroom-PC" name="myPack.Bindu" tests="6" failures="0" timestamp="13 Jun 2019 04:23:31 GMT" time="44.481" errors="0">
  <testcase name="deleteEmp" time="0.000" classname="myPack.Bindu"/>
  <testcase name="verifyLogin" time="12.641" classname="myPack.Bindu"/>
  <testcase name="addLocation" time="0.001" classname="myPack.Bindu"/>
  <testcase name="editLocation" time="0.001" classname="myPack.Bindu"/>
  <testcase name="addEmp" time="31.838" classname="myPack.Bindu"/>
  <testcase name="editEmp" time="0.000" classname="myPack.Bindu"/>
</testsuite> <!-- myPack.Bindu -->
